Determining if the pthread_create exist failed with the following output:
Change Dir: /home/pi/ros_catkin_ws/build_isolated/roscpp/CMakeFiles/CMakeTmp

Run Build Command:"/usr/bin/make" "cmTC_81fa4/fast"
/usr/bin/make -f CMakeFiles/cmTC_81fa4.dir/build.make CMakeFiles/cmTC_81fa4.dir/build
make[1]: Entering directory '/home/pi/ros_catkin_ws/build_isolated/roscpp/CMakeFiles/CMakeTmp'
Building C object CMakeFiles/cmTC_81fa4.dir/CheckSymbolExists.c.o
/usr/bin/cc     -o CMakeFiles/cmTC_81fa4.dir/CheckSymbolExists.c.o   -c /home/pi/ros_catkin_ws/build_isolated/roscpp/CMakeFiles/CMakeTmp/CheckSymbolExists.c
Linking C executable cmTC_81fa4
/usr/bin/cmake -E cmake_link_script CMakeFiles/cmTC_81fa4.dir/link.txt --verbose=1
/usr/bin/cc       CMakeFiles/cmTC_81fa4.dir/CheckSymbolExists.c.o  -o cmTC_81fa4 -rdynamic 
CMakeFiles/cmTC_81fa4.dir/CheckSymbolExists.c.o: In function `main':
CheckSymbolExists.c:(.text+0x38): undefined reference to `pthread_create'
collect2: error: ld returned 1 exit status
CMakeFiles/cmTC_81fa4.dir/build.make:97: recipe for target 'cmTC_81fa4' failed
make[1]: *** [cmTC_81fa4] Error 1
make[1]: Leaving directory '/home/pi/ros_catkin_ws/build_isolated/roscpp/CMakeFiles/CMakeTmp'
Makefile:126: recipe for target 'cmTC_81fa4/fast' failed
make: *** [cmTC_81fa4/fast] Error 2

File /home/pi/ros_catkin_ws/build_isolated/roscpp/CMakeFiles/CMakeTmp/CheckSymbolExists.c:
/* */
#include <pthread.h>

int main(int argc, char** argv)
{
  (void)argv;
#ifndef pthread_create
  return ((int*)(&pthread_create))[argc];
#else
  (void)argc;
  return 0;
#endif
}

Determining if the function pthread_create exists in the pthreads failed with the following output:
Change Dir: /home/pi/ros_catkin_ws/build_isolated/roscpp/CMakeFiles/CMakeTmp

Run Build Command:"/usr/bin/make" "cmTC_f87df/fast"
/usr/bin/make -f CMakeFiles/cmTC_f87df.dir/build.make CMakeFiles/cmTC_f87df.dir/build
make[1]: Entering directory '/home/pi/ros_catkin_ws/build_isolated/roscpp/CMakeFiles/CMakeTmp'
Building C object CMakeFiles/cmTC_f87df.dir/CheckFunctionExists.c.o
/usr/bin/cc    -DCHECK_FUNCTION_EXISTS=pthread_create   -o CMakeFiles/cmTC_f87df.dir/CheckFunctionExists.c.o   -c /usr/share/cmake-3.7/Modules/CheckFunctionExists.c
Linking C executable cmTC_f87df
/usr/bin/cmake -E cmake_link_script CMakeFiles/cmTC_f87df.dir/link.txt --verbose=1
/usr/bin/cc   -DCHECK_FUNCTION_EXISTS=pthread_create    CMakeFiles/cmTC_f87df.dir/CheckFunctionExists.c.o  -o cmTC_f87df -rdynamic -lpthreads 
/usr/bin/ld: cannot find -lpthreads
collect2: error: ld returned 1 exit status
CMakeFiles/cmTC_f87df.dir/build.make:97: recipe for target 'cmTC_f87df' failed
make[1]: *** [cmTC_f87df] Error 1
make[1]: Leaving directory '/home/pi/ros_catkin_ws/build_isolated/roscpp/CMakeFiles/CMakeTmp'
Makefile:126: recipe for target 'cmTC_f87df/fast' failed
make: *** [cmTC_f87df/fast] Error 2


Determining if the function trunc exists failed with the following output:
Change Dir: /home/pi/ros_catkin_ws/build_isolated/roscpp/CMakeFiles/CMakeTmp

Run Build Command:"/usr/bin/make" "cmTC_9bc4c/fast"
/usr/bin/make -f CMakeFiles/cmTC_9bc4c.dir/build.make CMakeFiles/cmTC_9bc4c.dir/build
make[1]: Entering directory '/home/pi/ros_catkin_ws/build_isolated/roscpp/CMakeFiles/CMakeTmp'
Building C object CMakeFiles/cmTC_9bc4c.dir/CheckFunctionExists.c.o
/usr/bin/cc    -DCHECK_FUNCTION_EXISTS=trunc   -o CMakeFiles/cmTC_9bc4c.dir/CheckFunctionExists.c.o   -c /usr/share/cmake-3.7/Modules/CheckFunctionExists.c
<command-line>:0:23: warning: conflicting types for built-in function ‘trunc’
/usr/share/cmake-3.7/Modules/CheckFunctionExists.c:7:3: note: in expansion of macro ‘CHECK_FUNCTION_EXISTS’
   CHECK_FUNCTION_EXISTS();
   ^~~~~~~~~~~~~~~~~~~~~
Linking C executable cmTC_9bc4c
/usr/bin/cmake -E cmake_link_script CMakeFiles/cmTC_9bc4c.dir/link.txt --verbose=1
/usr/bin/cc   -DCHECK_FUNCTION_EXISTS=trunc    CMakeFiles/cmTC_9bc4c.dir/CheckFunctionExists.c.o  -o cmTC_9bc4c -rdynamic 
CMakeFiles/cmTC_9bc4c.dir/CheckFunctionExists.c.o: In function `main':
CheckFunctionExists.c:(.text+0x14): undefined reference to `trunc'
collect2: error: ld returned 1 exit status
CMakeFiles/cmTC_9bc4c.dir/build.make:97: recipe for target 'cmTC_9bc4c' failed
make[1]: *** [cmTC_9bc4c] Error 1
make[1]: Leaving directory '/home/pi/ros_catkin_ws/build_isolated/roscpp/CMakeFiles/CMakeTmp'
Makefile:126: recipe for target 'cmTC_9bc4c/fast' failed
make: *** [cmTC_9bc4c/fast] Error 2


